Determining if the pthread_create exist failed with the following output:
Change Dir: /home/holo/Desktop/cpp_py/build/CMakeFiles/CMakeTmp

Run Build Command(s):/usr/bin/make cmTC_211f5/fast 
/usr/bin/make -f CMakeFiles/cmTC_211f5.dir/build.make CMakeFiles/cmTC_211f5.dir/build
make[1]: Entering directory '/home/holo/Desktop/cpp_py/build/CMakeFiles/CMakeTmp'
Building C object CMakeFiles/cmTC_211f5.dir/CheckSymbolExists.c.o
/usr/bin/cc    -o CMakeFiles/cmTC_211f5.dir/CheckSymbolExists.c.o   -c /home/holo/Desktop/cpp_py/build/CMakeFiles/CMakeTmp/CheckSymbolExists.c
Linking C executable cmTC_211f5
/home/holo/master_ws/src/holo_builder/output/bin/cmake -E cmake_link_script CMakeFiles/cmTC_211f5.dir/link.txt --verbose=1
/usr/bin/cc      CMakeFiles/cmTC_211f5.dir/CheckSymbolExists.c.o  -o cmTC_211f5 
CMakeFiles/cmTC_211f5.dir/CheckSymbolExists.c.o: In function `main':
CheckSymbolExists.c:(.text+0x1b): undefined reference to `pthread_create'
collect2: error: ld returned 1 exit status
CMakeFiles/cmTC_211f5.dir/build.make:86: recipe for target 'cmTC_211f5' failed
make[1]: *** [cmTC_211f5] Error 1
make[1]: Leaving directory '/home/holo/Desktop/cpp_py/build/CMakeFiles/CMakeTmp'
Makefile:121: recipe for target 'cmTC_211f5/fast' failed
make: *** [cmTC_211f5/fast] Error 2

File /home/holo/Desktop/cpp_py/build/CMakeFiles/CMakeTmp/CheckSymbolExists.c:
/* */
#include <pthread.h>

int main(int argc, char** argv)
{
  (void)argv;
#ifndef pthread_create
  return ((int*)(&pthread_create))[argc];
#else
  (void)argc;
  return 0;
#endif
}

Determining if the function pthread_create exists in the pthreads failed with the following output:
Change Dir: /home/holo/Desktop/cpp_py/build/CMakeFiles/CMakeTmp

Run Build Command(s):/usr/bin/make cmTC_030c4/fast 
/usr/bin/make -f CMakeFiles/cmTC_030c4.dir/build.make CMakeFiles/cmTC_030c4.dir/build
make[1]: Entering directory '/home/holo/Desktop/cpp_py/build/CMakeFiles/CMakeTmp'
Building C object CMakeFiles/cmTC_030c4.dir/CheckFunctionExists.c.o
/usr/bin/cc   -DCHECK_FUNCTION_EXISTS=pthread_create   -o CMakeFiles/cmTC_030c4.dir/CheckFunctionExists.c.o   -c /home/holo/master_ws/src/holo_builder/output/share/cmake-3.14/Modules/CheckFunctionExists.c
Linking C executable cmTC_030c4
/home/holo/master_ws/src/holo_builder/output/bin/cmake -E cmake_link_script CMakeFiles/cmTC_030c4.dir/link.txt --verbose=1
/usr/bin/cc  -DCHECK_FUNCTION_EXISTS=pthread_create    CMakeFiles/cmTC_030c4.dir/CheckFunctionExists.c.o  -o cmTC_030c4 -lpthreads 
/usr/bin/ld: cannot find -lpthreads
collect2: error: ld returned 1 exit status
CMakeFiles/cmTC_030c4.dir/build.make:86: recipe for target 'cmTC_030c4' failed
make[1]: *** [cmTC_030c4] Error 1
make[1]: Leaving directory '/home/holo/Desktop/cpp_py/build/CMakeFiles/CMakeTmp'
Makefile:121: recipe for target 'cmTC_030c4/fast' failed
make: *** [cmTC_030c4/fast] Error 2


